app/build/intermediates/manifest_merge_blame_file/debug/processDebugMainManifest/manifest-merger-blame-debug-report.txt
1<?xml version="1.0" encoding="utf-8"?>
2<manifest xmlns:android="http://schemas.android.com/apk/res/android"
3    package="com.lifelink.app"
4    android:versionCode="1"
5    android:versionName="1.0" >
6
7    <uses-sdk
8        android:minSdkVersion="24"
9        android:targetSdkVersion="34" />
10
11    <permission
11-->[androidx.core:core:1.13.1] AndroidManifest.xml:22:5-24:47
12        android:name="com.lifelink.app.DYNAMIC_RECEIVER_NOT_EXPORTED_PERMISSION"
12-->[androidx.core:core:1.13.1] AndroidManifest.xml:23:9-81
13        android:protectionLevel="signature" />
13-->[androidx.core:core:1.13.1] AndroidManifest.xml:24:9-44
14
15    <uses-permission android:name="com.lifelink.app.DYNAMIC_RECEIVER_NOT_EXPORTED_PERMISSION" />
15-->[androidx.core:core:1.13.1] AndroidManifest.xml:26:5-97
15-->[androidx.core:core:1.13.1] AndroidManifest.xml:26:22-94
16
17    <application
17-->src\main\AndroidManifest.xml:4:5-38:19
18        android:name="com.lifelink.app.LifeLinkApp"
18-->src\main\AndroidManifest.xml:5:9-36
19        android:allowBackup="true"
19-->src\main\AndroidManifest.xml:6:9-35
20        android:appComponentFactory="androidx.core.app.CoreComponentFactory"
20-->[androidx.core:core:1.13.1] AndroidManifest.xml:28:18-86
21        android:dataExtractionRules="@xml/data_extraction_rules"
21-->src\main\AndroidManifest.xml:12:9-65
22        android:debuggable="true"
23        android:extractNativeLibs="false"
24        android:fullBackupContent="@xml/backup_rules"
24-->src\main\AndroidManifest.xml:13:9-54
25        android:icon="@mipmap/ic_launcher"
25-->src\main\AndroidManifest.xml:7:9-43
26        android:label="@string/app_name"
26-->src\main\AndroidManifest.xml:8:9-41
27        android:roundIcon="@mipmap/ic_launcher_round"
27-->src\main\AndroidManifest.xml:9:9-54
28        android:supportsRtl="true"
28-->src\main\AndroidManifest.xml:10:9-35
29        android:testOnly="true"
30        android:theme="@style/Theme.LifeLink" >
30-->src\main\AndroidManifest.xml:11:9-46
31        <activity
31-->src\main\AndroidManifest.xml:15:9-23:20
32            android:name="com.lifelink.app.activities.SplashActivity"
32-->src\main\AndroidManifest.xml:16:13-54
33            android:exported="true"
33-->src\main\AndroidManifest.xml:17:13-36
34            android:theme="@style/Theme.LifeLink.Splash" >
34-->src\main\AndroidManifest.xml:18:13-57
35            <intent-filter>
35-->src\main\AndroidManifest.xml:19:13-22:29
36                <action android:name="android.intent.action.MAIN" />
36-->src\main\AndroidManifest.xml:20:17-69
36-->src\main\AndroidManifest.xml:20:25-66
37
38                <category android:name="android.intent.category.LAUNCHER" />
38-->src\main\AndroidManifest.xml:21:17-77
38-->src\main\AndroidManifest.xml:21:27-74
39            </intent-filter>
40        </activity>
41        <activity
41-->src\main\AndroidManifest.xml:25:9-87
42            android:name="com.lifelink.app.activities.LoginActivity"
42-->src\main\AndroidManifest.xml:25:19-59
43            android:exported="false" />
43-->src\main\AndroidManifest.xml:25:60-84
44        <activity
44-->src\main\AndroidManifest.xml:26:9-90
45            android:name="com.lifelink.app.activities.RegisterActivity"
45-->src\main\AndroidManifest.xml:26:19-62
46            android:exported="false" />
46-->src\main\AndroidManifest.xml:26:63-87
47        <activity
47-->src\main\AndroidManifest.xml:27:9-91
48            android:name="com.lifelink.app.activities.DashboardActivity"
48-->src\main\AndroidManifest.xml:27:19-63
49            android:exported="false" />
49-->src\main\AndroidManifest.xml:27:64-88
50        <activity
50-->src\main\AndroidManifest.xml:28:9-95
51            android:name="com.lifelink.app.activities.RegisterDonorActivity"
51-->src\main\AndroidManifest.xml:28:19-67
52            android:exported="false" />
52-->src\main\AndroidManifest.xml:28:68-92
53        <activity
53-->src\main\AndroidManifest.xml:29:9-93
54            android:name="com.lifelink.app.activities.SearchDonorActivity"
54-->src\main\AndroidManifest.xml:29:19-65
55            android:exported="false" />
55-->src\main\AndroidManifest.xml:29:66-90
56        <activity
56-->src\main\AndroidManifest.xml:30:9-94
57            android:name="com.lifelink.app.activities.DonorDetailsActivity"
57-->src\main\AndroidManifest.xml:30:19-66
58            android:exported="false" />
58-->src\main\AndroidManifest.xml:30:67-91
59        <activity
59-->src\main\AndroidManifest.xml:31:9-94
60            android:name="com.lifelink.app.activities.BloodRequestActivity"
60-->src\main\AndroidManifest.xml:31:19-66
61            android:exported="false" />
61-->src\main\AndroidManifest.xml:31:67-91
62        <activity
62-->src\main\AndroidManifest.xml:32:9-97
63            android:name="com.lifelink.app.activities.DonationHistoryActivity"
63-->src\main\AndroidManifest.xml:32:19-69
64            android:exported="false" />
64-->src\main\AndroidManifest.xml:32:70-94
65        <activity
65-->src\main\AndroidManifest.xml:33:9-89
66            android:name="com.lifelink.app.activities.ProfileActivity"
66-->src\main\AndroidManifest.xml:33:19-61
67            android:exported="false" />
67-->src\main\AndroidManifest.xml:33:62-86
68        <activity
68-->src\main\AndroidManifest.xml:34:9-93
69            android:name="com.lifelink.app.activities.EditProfileActivity"
69-->src\main\AndroidManifest.xml:34:19-65
70            android:exported="false" />
70-->src\main\AndroidManifest.xml:34:66-90
71        <activity
71-->src\main\AndroidManifest.xml:35:9-87
72            android:name="com.lifelink.app.activities.AboutActivity"
72-->src\main\AndroidManifest.xml:35:19-59
73            android:exported="false" />
73-->src\main\AndroidManifest.xml:35:60-84
74        <activity
74-->src\main\AndroidManifest.xml:36:9-90
75            android:name="com.lifelink.app.activities.SettingsActivity"
75-->src\main\AndroidManifest.xml:36:19-62
76            android:exported="false" />
76-->src\main\AndroidManifest.xml:36:63-87
77
78        <provider
78-->[androidx.emoji2:emoji2:1.3.0] AndroidManifest.xml:24:9-32:20
79            android:name="androidx.startup.InitializationProvider"
79-->[androidx.emoji2:emoji2:1.3.0] AndroidManifest.xml:25:13-67
80            android:authorities="com.lifelink.app.androidx-startup"
80-->[androidx.emoji2:emoji2:1.3.0] AndroidManifest.xml:26:13-68
81            android:exported="false" >
81-->[androidx.emoji2:emoji2:1.3.0] AndroidManifest.xml:27:13-37
82            <meta-data
82-->[androidx.emoji2:emoji2:1.3.0] AndroidManifest.xml:29:13-31:52
83                android:name="androidx.emoji2.text.EmojiCompatInitializer"
83-->[androidx.emoji2:emoji2:1.3.0] AndroidManifest.xml:30:17-75
84                android:value="androidx.startup" />
84-->[androidx.emoji2:emoji2:1.3.0] AndroidManifest.xml:31:17-49
85            <meta-data
85-->[androidx.lifecycle:lifecycle-process:2.8.4] AndroidManifest.xml:29:13-31:52
86                android:name="androidx.lifecycle.ProcessLifecycleInitializer"
86-->[androidx.lifecycle:lifecycle-process:2.8.4] AndroidManifest.xml:30:17-78
87                android:value="androidx.startup" />
87-->[androidx.lifecycle:lifecycle-process:2.8.4] AndroidManifest.xml:31:17-49
88            <meta-data
88-->[androidx.profileinstaller:profileinstaller:1.3.1] AndroidManifest.xml:29:13-31:52
89                android:name="androidx.profileinstaller.ProfileInstallerInitializer"
89-->[androidx.profileinstaller:profileinstaller:1.3.1] AndroidManifest.xml:30:17-85
90                android:value="androidx.startup" />
90-->[androidx.profileinstaller:profileinstaller:1.3.1] AndroidManifest.xml:31:17-49
91        </provider>
92
93        <service
93-->[androidx.room:room-runtime:2.6.1] AndroidManifest.xml:24:9-28:63
94            android:name="androidx.room.MultiInstanceInvalidationService"
94-->[androidx.room:room-runtime:2.6.1] AndroidManifest.xml:25:13-74
95            android:directBootAware="true"
95-->[androidx.room:room-runtime:2.6.1] AndroidManifest.xml:26:13-43
96            android:exported="false" />
96-->[androidx.room:room-runtime:2.6.1] AndroidManifest.xml:27:13-37
97
98        <receiver
98-->[androidx.profileinstaller:profileinstaller:1.3.1] AndroidManifest.xml:34:9-52:20
99            android:name="androidx.profileinstaller.ProfileInstallReceiver"
99-->[androidx.profileinstaller:profileinstaller:1.3.1] AndroidManifest.xml:35:13-76
100            android:directBootAware="false"
100-->[androidx.profileinstaller:profileinstaller:1.3.1] AndroidManifest.xml:36:13-44
101            android:enabled="true"
101-->[androidx.profileinstaller:profileinstaller:1.3.1] AndroidManifest.xml:37:13-35
102            android:exported="true"
102-->[androidx.profileinstaller:profileinstaller:1.3.1] AndroidManifest.xml:38:13-36
103            android:permission="android.permission.DUMP" >
103-->[androidx.profileinstaller:profileinstaller:1.3.1] AndroidManifest.xml:39:13-57
104            <intent-filter>
104-->[androidx.profileinstaller:profileinstaller:1.3.1] AndroidManifest.xml:40:13-42:29
105                <action android:name="androidx.profileinstaller.action.INSTALL_PROFILE" />
105-->[androidx.profileinstaller:profileinstaller:1.3.1] AndroidManifest.xml:41:17-91
105-->[androidx.profileinstaller:profileinstaller:1.3.1] AndroidManifest.xml:41:25-88
106            </intent-filter>
107            <intent-filter>
107-->[androidx.profileinstaller:profileinstaller:1.3.1] AndroidManifest.xml:43:13-45:29
108                <action android:name="androidx.profileinstaller.action.SKIP_FILE" />
108-->[androidx.profileinstaller:profileinstaller:1.3.1] AndroidManifest.xml:44:17-85
108-->[androidx.profileinstaller:profileinstaller:1.3.1] AndroidManifest.xml:44:25-82
109            </intent-filter>
110            <intent-filter>
110-->[androidx.profileinstaller:profileinstaller:1.3.1] AndroidManifest.xml:46:13-48:29
111                <action android:name="androidx.profileinstaller.action.SAVE_PROFILE" />
111-->[androidx.profileinstaller:profileinstaller:1.3.1] AndroidManifest.xml:47:17-88
111-->[androidx.profileinstaller:profileinstaller:1.3.1] AndroidManifest.xml:47:25-85
112            </intent-filter>
113            <intent-filter>
113-->[androidx.profileinstaller:profileinstaller:1.3.1] AndroidManifest.xml:49:13-51:29
114                <action android:name="androidx.profileinstaller.action.BENCHMARK_OPERATION" />
114-->[androidx.profileinstaller:profileinstaller:1.3.1] AndroidManifest.xml:50:17-95
114-->[androidx.profileinstaller:profileinstaller:1.3.1] AndroidManifest.xml:50:25-92
115            </intent-filter>
116        </receiver>
117    </application>
118
119</manifest>